<?xml version="1.0" encoding="UTF-8"?>
<!-- Generated by org.testng.reporters.JUnitReportReporter -->
<testsuite hostname="DESKTOP-77JILL3" failures="0" tests="3" name="tests.AppTest" time="6.174" errors="0" timestamp="11 Jan 2023 13:24:32 GMT">
  <testcase classname="tests.AppTest" name="patchPersonTest" time="0.162"/>
  <testcase classname="tests.AppTest" name="deletePersonTest" time="0.110"/>
  <testcase classname="tests.AppTest" name="createPersonTest" time="5.902"/>
</testsuite> <!-- tests.AppTest -->
