<?xml version="1.0" encoding="UTF-8"?>
<!-- Generated by org.testng.reporters.JUnitReportReporter -->
<testsuite hostname="DESKTOP-77JILL3" failures="0" tests="1" name="tests.TestPatchPerson" time="5.447" errors="0" timestamp="11 Jan 2023 12:14:05 GMT">
  <testcase classname="tests.TestPatchPerson" name="patchPersonTest" time="5.447"/>
</testsuite> <!-- tests.TestPatchPerson -->
