<?xml version="1.0" encoding="UTF-8"?>
<!-- Generated by org.testng.reporters.JUnitReportReporter -->
<testsuite hostname="DESKTOP-77JILL3" failures="0" tests="1" name="tests.TestDeletePerson" time="1.681" errors="0" timestamp="11 Jan 2023 13:20:04 GMT">
  <testcase classname="tests.TestDeletePerson" name="deletePersonTest" time="1.681"/>
</testsuite> <!-- tests.TestDeletePerson -->
