<?xml version="1.0" encoding="UTF-8"?>
<!-- Generated by org.testng.reporters.JUnitReportReporter -->
<testsuite hostname="DESKTOP-77JILL3" failures="0" tests="1" name="tests.TestGetPerson" time="3.231" errors="0" timestamp="11 Jan 2023 11:20:05 GMT">
  <testcase classname="tests.TestGetPerson" name="getAll" time="3.231"/>
</testsuite> <!-- tests.TestGetPerson -->
